Performing C SOURCE FILE Test CMAKE_HAVE_LIBC_PTHREAD failed with the following output:
Change Dir: /home/cdy/srsLTE/build/CMakeFiles/CMakeTmp

Run Build Command(s):/usr/bin/make cmTC_11de6/fast && /usr/bin/make  -f CMakeFiles/cmTC_11de6.dir/build.make CMakeFiles/cmTC_11de6.dir/build
make[1]: Entering directory '/home/cdy/srsLTE/build/CMakeFiles/CMakeTmp'
Building C object CMakeFiles/cmTC_11de6.dir/src.c.o
/usr/bin/cc -DCMAKE_HAVE_LIBC_PTHREAD   -o CMakeFiles/cmTC_11de6.dir/src.c.o -c /home/cdy/srsLTE/build/CMakeFiles/CMakeTmp/src.c
Linking C executable cmTC_11de6
/snap/cmake/805/bin/cmake -E cmake_link_script CMakeFiles/cmTC_11de6.dir/link.txt --verbose=1
/usr/bin/cc -rdynamic CMakeFiles/cmTC_11de6.dir/src.c.o -o cmTC_11de6 
CMakeFiles/cmTC_11de6.dir/src.c.o: In function `main':
src.c:(.text+0x3e): undefined reference to `pthread_create'
src.c:(.text+0x4a): undefined reference to `pthread_detach'
src.c:(.text+0x56): undefined reference to `pthread_cancel'
src.c:(.text+0x67): undefined reference to `pthread_join'
src.c:(.text+0x7b): undefined reference to `pthread_atfork'
collect2: error: ld returned 1 exit status
CMakeFiles/cmTC_11de6.dir/build.make:105: recipe for target 'cmTC_11de6' failed
make[1]: *** [cmTC_11de6] Error 1
make[1]: Leaving directory '/home/cdy/srsLTE/build/CMakeFiles/CMakeTmp'
Makefile:140: recipe for target 'cmTC_11de6/fast' failed
make: *** [cmTC_11de6/fast] Error 2


Source file was:
#include <pthread.h>

static void* test_func(void* data)
{
  return data;
}

int main(void)
{
  pthread_t thread;
  pthread_create(&thread, NULL, test_func, NULL);
  pthread_detach(thread);
  pthread_cancel(thread);
  pthread_join(thread, NULL);
  pthread_atfork(NULL, NULL, NULL);
  pthread_exit(NULL);

  return 0;
}

Determining if the function pthread_create exists in the pthreads failed with the following output:
Change Dir: /home/cdy/srsLTE/build/CMakeFiles/CMakeTmp

Run Build Command(s):/usr/bin/make cmTC_e6d3f/fast && /usr/bin/make  -f CMakeFiles/cmTC_e6d3f.dir/build.make CMakeFiles/cmTC_e6d3f.dir/build
make[1]: Entering directory '/home/cdy/srsLTE/build/CMakeFiles/CMakeTmp'
Building C object CMakeFiles/cmTC_e6d3f.dir/CheckFunctionExists.c.o
/usr/bin/cc   -DCHECK_FUNCTION_EXISTS=pthread_create -o CMakeFiles/cmTC_e6d3f.dir/CheckFunctionExists.c.o -c /snap/cmake/805/share/cmake-3.19/Modules/CheckFunctionExists.c
Linking C executable cmTC_e6d3f
/snap/cmake/805/bin/cmake -E cmake_link_script CMakeFiles/cmTC_e6d3f.dir/link.txt --verbose=1
/usr/bin/cc  -DCHECK_FUNCTION_EXISTS=pthread_create -rdynamic CMakeFiles/cmTC_e6d3f.dir/CheckFunctionExists.c.o -o cmTC_e6d3f  -lpthreads 
/usr/bin/ld: cannot find -lpthreads
collect2: error: ld returned 1 exit status
CMakeFiles/cmTC_e6d3f.dir/build.make:105: recipe for target 'cmTC_e6d3f' failed
make[1]: *** [cmTC_e6d3f] Error 1
make[1]: Leaving directory '/home/cdy/srsLTE/build/CMakeFiles/CMakeTmp'
Makefile:140: recipe for target 'cmTC_e6d3f/fast' failed
make: *** [cmTC_e6d3f/fast] Error 2



Performing C++ SOURCE FILE Test UHD_ENABLE_X300_FW_RESET failed with the following output:
Change Dir: /home/cdy/srsLTE/build/CMakeFiles/CMakeTmp

Run Build Command(s):/usr/bin/make cmTC_371cb/fast && /usr/bin/make  -f CMakeFiles/cmTC_371cb.dir/build.make CMakeFiles/cmTC_371cb.dir/build
make[1]: Entering directory '/home/cdy/srsLTE/build/CMakeFiles/CMakeTmp'
Building CXX object CMakeFiles/cmTC_371cb.dir/src.cxx.o
/usr/bin/c++ -DUHD_ENABLE_X300_FW_RESET  -L/usr/lib/x86_64-linux-gnu -o CMakeFiles/cmTC_371cb.dir/src.cxx.o -c /home/cdy/srsLTE/build/CMakeFiles/CMakeTmp/src.cxx
Linking CXX executable cmTC_371cb
/snap/cmake/805/bin/cmake -E cmake_link_script CMakeFiles/cmTC_371cb.dir/link.txt --verbose=1
/usr/bin/c++   -L/usr/lib/x86_64-linux-gnu -rdynamic CMakeFiles/cmTC_371cb.dir/src.cxx.o -o cmTC_371cb  -luhd -lboost_program_options -lboost_system 
CMakeFiles/cmTC_371cb.dir/src.cxx.o: In function `try_usrp_x300_reset()':
src.cxx:(.text+0xd5): undefined reference to `x300_make_ctrl_iface_enet(boost::shared_ptr<uhd::transport::udp_simple>, bool)'
collect2: error: ld returned 1 exit status
CMakeFiles/cmTC_371cb.dir/build.make:105: recipe for target 'cmTC_371cb' failed
make[1]: *** [cmTC_371cb] Error 1
make[1]: Leaving directory '/home/cdy/srsLTE/build/CMakeFiles/CMakeTmp'
Makefile:140: recipe for target 'cmTC_371cb/fast' failed
make: *** [cmTC_371cb/fast] Error 2


Source file was:
#include <uhd.h>
    #include <uhd/usrp/multi_usrp.hpp>
    #include <uhd/transport/udp_simple.hpp>

    uhd::wb_iface::sptr x300_make_ctrl_iface_enet(uhd::transport::udp_simple::sptr udp, bool enable_errors);

    uhd_error try_usrp_x300_reset()
    {
      uhd::transport::udp_simple::sptr udp_simple = uhd::transport::udp_simple::make_connected("", "49152");
      uhd::wb_iface::sptr x300_ctrl = x300_make_ctrl_iface_enet(udp_simple, true);
      x300_ctrl->poke32(0x100058, 1);
      return UHD_ERROR_NONE;
    }

    int main(int argc, char** argv)
    {
      try_usrp_x300_reset();
      return 0;
    }
Performing C++ SOURCE FILE Test UHD_ENABLE_CUSTOM_RFNOC failed with the following output:
Change Dir: /home/cdy/srsLTE/build/CMakeFiles/CMakeTmp

Run Build Command(s):/usr/bin/make cmTC_39d7a/fast && /usr/bin/make  -f CMakeFiles/cmTC_39d7a.dir/build.make CMakeFiles/cmTC_39d7a.dir/build
make[1]: Entering directory '/home/cdy/srsLTE/build/CMakeFiles/CMakeTmp'
Building CXX object CMakeFiles/cmTC_39d7a.dir/src.cxx.o
/usr/bin/c++ -DUHD_ENABLE_CUSTOM_RFNOC  -L/usr/lib/x86_64-linux-gnu -o CMakeFiles/cmTC_39d7a.dir/src.cxx.o -c /home/cdy/srsLTE/build/CMakeFiles/CMakeTmp/src.cxx
/home/cdy/srsLTE/build/CMakeFiles/CMakeTmp/src.cxx:3:14: fatal error: uhd/rfnoc/ddc_ch2_block_ctrl.hpp: No such file or directory
     #include <uhd/rfnoc/ddc_ch2_block_ctrl.hpp>
              ^~~~~~~~~~~~~~~~~~~~~~~~~~~~~~~~~~
compilation terminated.
CMakeFiles/cmTC_39d7a.dir/build.make:84: recipe for target 'CMakeFiles/cmTC_39d7a.dir/src.cxx.o' failed
make[1]: *** [CMakeFiles/cmTC_39d7a.dir/src.cxx.o] Error 1
make[1]: Leaving directory '/home/cdy/srsLTE/build/CMakeFiles/CMakeTmp'
Makefile:140: recipe for target 'cmTC_39d7a/fast' failed
make: *** [cmTC_39d7a/fast] Error 2


Source file was:
#include <uhd.h>
    #include <uhd/device3.hpp>
    #include <uhd/rfnoc/ddc_ch2_block_ctrl.hpp>

    static uhd::device3::sptr device3;
    static uhd::rfnoc::ddc_ch2_block_ctrl::sptr ddc_ctrl;

    uhd_error try_device3_ddc_ch2_ctrl()
    {
      ddc_ctrl = device3->get_block_ctrl<uhd::rfnoc::ddc_ch2_block_ctrl>(uhd::rfnoc::block_id_t("DDCch2_0"));
      return UHD_ERROR_NONE;
    }

    int main(int argc, char** argv)
    {
      try_device3_ddc_ch2_ctrl();
      return 0;
    }
Performing C SOURCE FILE Test HAVE_AVX512 failed with the following output:
Change Dir: /home/cdy/srsLTE/build/CMakeFiles/CMakeTmp

Run Build Command(s):/usr/bin/make cmTC_27602/fast && /usr/bin/make  -f CMakeFiles/cmTC_27602.dir/build.make CMakeFiles/cmTC_27602.dir/build
make[1]: Entering directory '/home/cdy/srsLTE/build/CMakeFiles/CMakeTmp'
Building C object CMakeFiles/cmTC_27602.dir/src.c.o
/usr/bin/cc   -Wno-unused-but-set-variable -DHAVE_AVX512 -mavx512f -mavx512cd -mavx512bw -mavx512dq -DLV_HAVE_AVX512 -o CMakeFiles/cmTC_27602.dir/src.c.o -c /home/cdy/srsLTE/build/CMakeFiles/CMakeTmp/src.c
Linking C executable cmTC_27602
/snap/cmake/805/bin/cmake -E cmake_link_script CMakeFiles/cmTC_27602.dir/link.txt --verbose=1
/usr/bin/cc  -Wno-unused-but-set-variable -DHAVE_AVX512 -mavx512f -mavx512cd -mavx512bw -mavx512dq -DLV_HAVE_AVX512 -rdynamic CMakeFiles/cmTC_27602.dir/src.c.o -o cmTC_27602 
make[1]: Leaving directory '/home/cdy/srsLTE/build/CMakeFiles/CMakeTmp'


Return value: FAILED_TO_RUN
Source file was:

          #include <immintrin.h>
          int main()
          {
            __m512i a, b, c;
            const int src[16] = { 0x0, 0x1, 0x2, 0x3, 0x4, 0x5, 0x6, 0x7, 0x8 , 0x9, 0xA, 0xB, 0xC, 0xD, 0xE, 0xF};
            int dst[16];
            a =  _mm512_loadu_si512( (__m512i*)src );
            b =  _mm512_loadu_si512( (__m512i*)src );
            c = _mm512_add_epi32( a, b );
            _mm512_storeu_si512( (__m512i*)dst, c );
            int i = 0;
            for( i = 0; i < 16; i++ ){
              if( ( src[i] + src[i] ) != dst[i] ){
                return -1;
              }
            }
            return 0;
          }
